<?xml version="1.0" encoding="utf-8"?><testsuites name="pytest tests"><testsuite name="pytest" errors="0" failures="0" skipped="0" tests="9" time="1.651" timestamp="2026-04-22T20:35:17.042002+00:00" hostname="agent-env-0275b1e1-e26e-41b4-b887-517e179743ec"><testcase classname="backend.tests.test_devbroz_backend.TestContactHappyPath" name="test_contact_post_valid_returns_sent" time="1.120" /><testcase classname="backend.tests.test_devbroz_backend.TestContactValidation" name="test_missing_email_returns_422" time="0.050" /><testcase classname="backend.tests.test_devbroz_backend.TestContactValidation" name="test_invalid_email_returns_422" time="0.049" /><testcase classname="backend.tests.test_devbroz_backend.TestContactValidation" name="test_empty_name_returns_422" time="0.047" /><testcase classname="backend.tests.test_devbroz_backend.TestContactValidation" name="test_details_too_long_returns_422" time="0.052" /><testcase classname="backend.tests.test_devbroz_backend.TestContactValidation" name="test_empty_details_returns_422" time="0.046" /><testcase classname="backend.tests.test_devbroz_backend.TestSEOAssets" name="test_robots_txt" time="0.048" /><testcase classname="backend.tests.test_devbroz_backend.TestSEOAssets" name="test_sitemap_xml" time="0.053" /><testcase classname="backend.tests.test_devbroz_backend.TestSEOAssets" name="test_index_html_seo" time="0.051" /></testsuite></testsuites>